<?xml version="1.0" encoding="UTF-8" ?>
<testsuite tests="11" failures="0" name="TestSuite" time="52.808" errors="0" skipped="0">
  <properties>
    <property name="java.runtime.name" value="Java(TM) SE Runtime Environment"/>
    <property name="sun.boot.library.path" value="C:\Program Files\Java\jdk1.8.0_102\jre\bin"/>
    <property name="java.vm.version" value="25.102-b14"/>
    <property name="java.vm.vendor" value="Oracle Corporation"/>
    <property name="java.vendor.url" value="http://java.oracle.com/"/>
    <property name="path.separator" value=";"/>
    <property name="java.vm.name" value="Java HotSpot(TM) Client VM"/>
    <property name="file.encoding.pkg" value="sun.io"/>
    <property name="user.script" value=""/>
    <property name="user.country" value="US"/>
    <property name="sun.java.launcher" value="SUN_STANDARD"/>
    <property name="sun.os.patch.level" value="Service Pack 2"/>
    <property name="java.vm.specification.name" value="Java Virtual Machine Specification"/>
    <property name="user.dir" value="C:\Workspace\Maven\Rest-AssurredJava"/>
    <property name="java.runtime.version" value="1.8.0_102-b14"/>
    <property name="java.awt.graphicsenv" value="sun.awt.Win32GraphicsEnvironment"/>
    <property name="basedir" value="C:\Workspace\Maven\Rest-AssurredJava"/>
    <property name="java.endorsed.dirs" value="C:\Program Files\Java\jdk1.8.0_102\jre\lib\endorsed"/>
    <property name="os.arch" value="x86"/>
    <property name="surefire.real.class.path" value="C:\Users\indianic\AppData\Local\Temp\surefirebooter8071438606815829179.jar"/>
    <property name="java.io.tmpdir" value="C:\Users\indianic\AppData\Local\Temp\"/>
    <property name="line.separator" value="
"/>
    <property name="java.vm.specification.vendor" value="Oracle Corporation"/>
    <property name="user.variant" value=""/>
    <property name="os.name" value="Windows Vista"/>
    <property name="sun.jnu.encoding" value="Cp1252"/>
    <property name="java.library.path" value="C:\Program Files\Java\jdk1.8.0_102\jre\bin;C:\Windows\Sun\Java\bin;C:\Windows\system32;C:\Windows;C:\Users\indianic\Desktop\Selenium\apache-maven-3.5.2-bin\apache-maven-3.5.2/bin;C:\Program Files\Java\jdk1.8.0_102/bin;C:\Program Files\Java\jdk1.8.0_102/bin;C:\WINDOWS\System32;C:\Program Files\Java\jdk1.8.0_102\bin;C:\Anshul\apache-ant-1.7.1\bin;C:\Users\indianic\Desktop\Selenium\apache-maven-3.5.2-bin\apache-maven-3.5.2\bin;C:\gradle-4.3\bin;C:\Program Files\MySQL\MySQL Utilities 1.6\;C:\Users\indianic\AppData\Local\Android\sdk1\tools\bin;C:\Users\indianic\AppData\Local\Android\sdk1\tools;C:\Users\indianic\AppData\Local\Android\sdk1\platform-tools;C:\Program Files\Git\bin;."/>
    <property name="surefire.test.class.path" value="C:\Workspace\Maven\Rest-AssurredJava\target\test-classes;C:\Workspace\Maven\Rest-AssurredJava\target\classes;C:\Users\indianic\.m2\repository\junit\junit\3.8.1\junit-3.8.1.jar;C:\Users\indianic\.m2\repository\io\rest-assured\rest-assured\3.0.6\rest-assured-3.0.6.jar;C:\Users\indianic\.m2\repository\org\codehaus\groovy\groovy\2.4.12\groovy-2.4.12.jar;C:\Users\indianic\.m2\repository\org\codehaus\groovy\groovy-xml\2.4.12\groovy-xml-2.4.12.jar;C:\Users\indianic\.m2\repository\org\apache\httpcomponents\httpclient\4.5.3\httpclient-4.5.3.jar;C:\Users\indianic\.m2\repository\org\apache\httpcomponents\httpcore\4.4.6\httpcore-4.4.6.jar;C:\Users\indianic\.m2\repository\commons-logging\commons-logging\1.2\commons-logging-1.2.jar;C:\Users\indianic\.m2\repository\commons-codec\commons-codec\1.9\commons-codec-1.9.jar;C:\Users\indianic\.m2\repository\org\apache\httpcomponents\httpmime\4.5.1\httpmime-4.5.1.jar;C:\Users\indianic\.m2\repository\org\hamcrest\hamcrest-core\1.3\hamcrest-core-1.3.jar;C:\Users\indianic\.m2\repository\org\hamcrest\hamcrest-library\1.3\hamcrest-library-1.3.jar;C:\Users\indianic\.m2\repository\org\ccil\cowan\tagsoup\tagsoup\1.2.1\tagsoup-1.2.1.jar;C:\Users\indianic\.m2\repository\io\rest-assured\json-path\3.0.6\json-path-3.0.6.jar;C:\Users\indianic\.m2\repository\org\codehaus\groovy\groovy-json\2.4.12\groovy-json-2.4.12.jar;C:\Users\indianic\.m2\repository\io\rest-assured\rest-assured-common\3.0.6\rest-assured-common-3.0.6.jar;C:\Users\indianic\.m2\repository\io\rest-assured\xml-path\3.0.6\xml-path-3.0.6.jar;C:\Users\indianic\.m2\repository\org\apache\commons\commons-lang3\3.4\commons-lang3-3.4.jar;C:\Users\indianic\.m2\repository\javax\xml\bind\jaxb-api\2.2.12\jaxb-api-2.2.12.jar;C:\Users\indianic\.m2\repository\io\rest-assured\json-schema-validator\3.0.6\json-schema-validator-3.0.6.jar;C:\Users\indianic\.m2\repository\com\github\fge\json-schema-validator\2.2.6\json-schema-validator-2.2.6.jar;C:\Users\indianic\.m2\repository\com\google\code\findbugs\jsr305\3.0.0\jsr305-3.0.0.jar;C:\Users\indianic\.m2\repository\joda-time\joda-time\2.3\joda-time-2.3.jar;C:\Users\indianic\.m2\repository\com\googlecode\libphonenumber\libphonenumber\6.2\libphonenumber-6.2.jar;C:\Users\indianic\.m2\repository\com\github\fge\json-schema-core\1.2.5\json-schema-core-1.2.5.jar;C:\Users\indianic\.m2\repository\com\github\fge\uri-template\0.9\uri-template-0.9.jar;C:\Users\indianic\.m2\repository\com\github\fge\msg-simple\1.1\msg-simple-1.1.jar;C:\Users\indianic\.m2\repository\com\github\fge\btf\1.2\btf-1.2.jar;C:\Users\indianic\.m2\repository\com\google\guava\guava\16.0.1\guava-16.0.1.jar;C:\Users\indianic\.m2\repository\com\github\fge\jackson-coreutils\1.8\jackson-coreutils-1.8.jar;C:\Users\indianic\.m2\repository\com\fasterxml\jackson\core\jackson-databind\2.2.3\jackson-databind-2.2.3.jar;C:\Users\indianic\.m2\repository\com\fasterxml\jackson\core\jackson-annotations\2.2.3\jackson-annotations-2.2.3.jar;C:\Users\indianic\.m2\repository\com\fasterxml\jackson\core\jackson-core\2.2.3\jackson-core-2.2.3.jar;C:\Users\indianic\.m2\repository\org\mozilla\rhino\1.7R4\rhino-1.7R4.jar;C:\Users\indianic\.m2\repository\javax\mail\mailapi\1.4.3\mailapi-1.4.3.jar;C:\Users\indianic\.m2\repository\javax\activation\activation\1.1\activation-1.1.jar;C:\Users\indianic\.m2\repository\net\sf\jopt-simple\jopt-simple\4.6\jopt-simple-4.6.jar;C:\Users\indianic\.m2\repository\org\testng\testng\6.8\testng-6.8.jar;C:\Users\indianic\.m2\repository\org\beanshell\bsh\2.0b4\bsh-2.0b4.jar;C:\Users\indianic\.m2\repository\com\beust\jcommander\1.27\jcommander-1.27.jar;C:\Users\indianic\.m2\repository\org\yaml\snakeyaml\1.6\snakeyaml-1.6.jar;C:\Users\indianic\.m2\repository\com\github\scribejava\scribejava-apis\2.5.3\scribejava-apis-2.5.3.jar;C:\Users\indianic\.m2\repository\com\github\scribejava\scribejava-core\2.5.3\scribejava-core-2.5.3.jar;C:\Users\indianic\.m2\repository\org\apache\logging\log4j\log4j-api\2.10.0\log4j-api-2.10.0.jar;C:\Users\indianic\.m2\repository\org\apache\logging\log4j\log4j-core\2.10.0\log4j-core-2.10.0.jar;C:\Users\indianic\.m2\repository\org\springframework\spring-webmvc\4.2.6.RELEASE\spring-webmvc-4.2.6.RELEASE.jar;C:\Users\indianic\.m2\repository\org\springframework\spring-beans\4.2.6.RELEASE\spring-beans-4.2.6.RELEASE.jar;C:\Users\indianic\.m2\repository\org\springframework\spring-context\4.2.6.RELEASE\spring-context-4.2.6.RELEASE.jar;C:\Users\indianic\.m2\repository\org\springframework\spring-aop\4.2.6.RELEASE\spring-aop-4.2.6.RELEASE.jar;C:\Users\indianic\.m2\repository\aopalliance\aopalliance\1.0\aopalliance-1.0.jar;C:\Users\indianic\.m2\repository\org\springframework\spring-core\4.2.6.RELEASE\spring-core-4.2.6.RELEASE.jar;C:\Users\indianic\.m2\repository\org\springframework\spring-expression\4.2.6.RELEASE\spring-expression-4.2.6.RELEASE.jar;C:\Users\indianic\.m2\repository\org\springframework\spring-web\4.2.6.RELEASE\spring-web-4.2.6.RELEASE.jar;C:\Users\indianic\.m2\repository\io\rest-assured\spring-mock-mvc\3.0.6\spring-mock-mvc-3.0.6.jar;C:\Users\indianic\.m2\repository\org\springframework\spring-test\4.2.6.RELEASE\spring-test-4.2.6.RELEASE.jar;C:\Users\indianic\.m2\repository\com\aventstack\extentreports\3.1.2\extentreports-3.1.2.jar;C:\Users\indianic\.m2\repository\org\freemarker\freemarker\2.3.23\freemarker-2.3.23.jar;C:\Users\indianic\.m2\repository\org\mongodb\mongodb-driver\3.3.0\mongodb-driver-3.3.0.jar;C:\Users\indianic\.m2\repository\org\mongodb\bson\3.3.0\bson-3.3.0.jar;C:\Users\indianic\.m2\repository\org\mongodb\mongodb-driver-core\3.3.0\mongodb-driver-core-3.3.0.jar;C:\Users\indianic\.m2\repository\org\jsoup\jsoup\1.9.2\jsoup-1.9.2.jar;C:\Users\indianic\.m2\repository\com\google\code\gson\gson\2.8.0\gson-2.8.0.jar;C:\Users\indianic\.m2\repository\com\relevantcodes\extentreports\2.41.2\extentreports-2.41.2.jar;C:\Users\indianic\.m2\repository\org\xerial\sqlite-jdbc\3.8.11.1\sqlite-jdbc-3.8.11.1.jar;"/>
    <property name="java.specification.name" value="Java Platform API Specification"/>
    <property name="java.class.version" value="52.0"/>
    <property name="sun.management.compiler" value="HotSpot Client Compiler"/>
    <property name="os.version" value="6.0"/>
    <property name="user.home" value="C:\Users\indianic"/>
    <property name="user.timezone" value="Asia/Calcutta"/>
    <property name="java.awt.printerjob" value="sun.awt.windows.WPrinterJob"/>
    <property name="java.specification.version" value="1.8"/>
    <property name="file.encoding" value="Cp1252"/>
    <property name="user.name" value="indianic"/>
    <property name="java.class.path" value="C:\Workspace\Maven\Rest-AssurredJava\target\test-classes;C:\Workspace\Maven\Rest-AssurredJava\target\classes;C:\Users\indianic\.m2\repository\junit\junit\3.8.1\junit-3.8.1.jar;C:\Users\indianic\.m2\repository\io\rest-assured\rest-assured\3.0.6\rest-assured-3.0.6.jar;C:\Users\indianic\.m2\repository\org\codehaus\groovy\groovy\2.4.12\groovy-2.4.12.jar;C:\Users\indianic\.m2\repository\org\codehaus\groovy\groovy-xml\2.4.12\groovy-xml-2.4.12.jar;C:\Users\indianic\.m2\repository\org\apache\httpcomponents\httpclient\4.5.3\httpclient-4.5.3.jar;C:\Users\indianic\.m2\repository\org\apache\httpcomponents\httpcore\4.4.6\httpcore-4.4.6.jar;C:\Users\indianic\.m2\repository\commons-logging\commons-logging\1.2\commons-logging-1.2.jar;C:\Users\indianic\.m2\repository\commons-codec\commons-codec\1.9\commons-codec-1.9.jar;C:\Users\indianic\.m2\repository\org\apache\httpcomponents\httpmime\4.5.1\httpmime-4.5.1.jar;C:\Users\indianic\.m2\repository\org\hamcrest\hamcrest-core\1.3\hamcrest-core-1.3.jar;C:\Users\indianic\.m2\repository\org\hamcrest\hamcrest-library\1.3\hamcrest-library-1.3.jar;C:\Users\indianic\.m2\repository\org\ccil\cowan\tagsoup\tagsoup\1.2.1\tagsoup-1.2.1.jar;C:\Users\indianic\.m2\repository\io\rest-assured\json-path\3.0.6\json-path-3.0.6.jar;C:\Users\indianic\.m2\repository\org\codehaus\groovy\groovy-json\2.4.12\groovy-json-2.4.12.jar;C:\Users\indianic\.m2\repository\io\rest-assured\rest-assured-common\3.0.6\rest-assured-common-3.0.6.jar;C:\Users\indianic\.m2\repository\io\rest-assured\xml-path\3.0.6\xml-path-3.0.6.jar;C:\Users\indianic\.m2\repository\org\apache\commons\commons-lang3\3.4\commons-lang3-3.4.jar;C:\Users\indianic\.m2\repository\javax\xml\bind\jaxb-api\2.2.12\jaxb-api-2.2.12.jar;C:\Users\indianic\.m2\repository\io\rest-assured\json-schema-validator\3.0.6\json-schema-validator-3.0.6.jar;C:\Users\indianic\.m2\repository\com\github\fge\json-schema-validator\2.2.6\json-schema-validator-2.2.6.jar;C:\Users\indianic\.m2\repository\com\google\code\findbugs\jsr305\3.0.0\jsr305-3.0.0.jar;C:\Users\indianic\.m2\repository\joda-time\joda-time\2.3\joda-time-2.3.jar;C:\Users\indianic\.m2\repository\com\googlecode\libphonenumber\libphonenumber\6.2\libphonenumber-6.2.jar;C:\Users\indianic\.m2\repository\com\github\fge\json-schema-core\1.2.5\json-schema-core-1.2.5.jar;C:\Users\indianic\.m2\repository\com\github\fge\uri-template\0.9\uri-template-0.9.jar;C:\Users\indianic\.m2\repository\com\github\fge\msg-simple\1.1\msg-simple-1.1.jar;C:\Users\indianic\.m2\repository\com\github\fge\btf\1.2\btf-1.2.jar;C:\Users\indianic\.m2\repository\com\google\guava\guava\16.0.1\guava-16.0.1.jar;C:\Users\indianic\.m2\repository\com\github\fge\jackson-coreutils\1.8\jackson-coreutils-1.8.jar;C:\Users\indianic\.m2\repository\com\fasterxml\jackson\core\jackson-databind\2.2.3\jackson-databind-2.2.3.jar;C:\Users\indianic\.m2\repository\com\fasterxml\jackson\core\jackson-annotations\2.2.3\jackson-annotations-2.2.3.jar;C:\Users\indianic\.m2\repository\com\fasterxml\jackson\core\jackson-core\2.2.3\jackson-core-2.2.3.jar;C:\Users\indianic\.m2\repository\org\mozilla\rhino\1.7R4\rhino-1.7R4.jar;C:\Users\indianic\.m2\repository\javax\mail\mailapi\1.4.3\mailapi-1.4.3.jar;C:\Users\indianic\.m2\repository\javax\activation\activation\1.1\activation-1.1.jar;C:\Users\indianic\.m2\repository\net\sf\jopt-simple\jopt-simple\4.6\jopt-simple-4.6.jar;C:\Users\indianic\.m2\repository\org\testng\testng\6.8\testng-6.8.jar;C:\Users\indianic\.m2\repository\org\beanshell\bsh\2.0b4\bsh-2.0b4.jar;C:\Users\indianic\.m2\repository\com\beust\jcommander\1.27\jcommander-1.27.jar;C:\Users\indianic\.m2\repository\org\yaml\snakeyaml\1.6\snakeyaml-1.6.jar;C:\Users\indianic\.m2\repository\com\github\scribejava\scribejava-apis\2.5.3\scribejava-apis-2.5.3.jar;C:\Users\indianic\.m2\repository\com\github\scribejava\scribejava-core\2.5.3\scribejava-core-2.5.3.jar;C:\Users\indianic\.m2\repository\org\apache\logging\log4j\log4j-api\2.10.0\log4j-api-2.10.0.jar;C:\Users\indianic\.m2\repository\org\apache\logging\log4j\log4j-core\2.10.0\log4j-core-2.10.0.jar;C:\Users\indianic\.m2\repository\org\springframework\spring-webmvc\4.2.6.RELEASE\spring-webmvc-4.2.6.RELEASE.jar;C:\Users\indianic\.m2\repository\org\springframework\spring-beans\4.2.6.RELEASE\spring-beans-4.2.6.RELEASE.jar;C:\Users\indianic\.m2\repository\org\springframework\spring-context\4.2.6.RELEASE\spring-context-4.2.6.RELEASE.jar;C:\Users\indianic\.m2\repository\org\springframework\spring-aop\4.2.6.RELEASE\spring-aop-4.2.6.RELEASE.jar;C:\Users\indianic\.m2\repository\aopalliance\aopalliance\1.0\aopalliance-1.0.jar;C:\Users\indianic\.m2\repository\org\springframework\spring-core\4.2.6.RELEASE\spring-core-4.2.6.RELEASE.jar;C:\Users\indianic\.m2\repository\org\springframework\spring-expression\4.2.6.RELEASE\spring-expression-4.2.6.RELEASE.jar;C:\Users\indianic\.m2\repository\org\springframework\spring-web\4.2.6.RELEASE\spring-web-4.2.6.RELEASE.jar;C:\Users\indianic\.m2\repository\io\rest-assured\spring-mock-mvc\3.0.6\spring-mock-mvc-3.0.6.jar;C:\Users\indianic\.m2\repository\org\springframework\spring-test\4.2.6.RELEASE\spring-test-4.2.6.RELEASE.jar;C:\Users\indianic\.m2\repository\com\aventstack\extentreports\3.1.2\extentreports-3.1.2.jar;C:\Users\indianic\.m2\repository\org\freemarker\freemarker\2.3.23\freemarker-2.3.23.jar;C:\Users\indianic\.m2\repository\org\mongodb\mongodb-driver\3.3.0\mongodb-driver-3.3.0.jar;C:\Users\indianic\.m2\repository\org\mongodb\bson\3.3.0\bson-3.3.0.jar;C:\Users\indianic\.m2\repository\org\mongodb\mongodb-driver-core\3.3.0\mongodb-driver-core-3.3.0.jar;C:\Users\indianic\.m2\repository\org\jsoup\jsoup\1.9.2\jsoup-1.9.2.jar;C:\Users\indianic\.m2\repository\com\google\code\gson\gson\2.8.0\gson-2.8.0.jar;C:\Users\indianic\.m2\repository\com\relevantcodes\extentreports\2.41.2\extentreports-2.41.2.jar;C:\Users\indianic\.m2\repository\org\xerial\sqlite-jdbc\3.8.11.1\sqlite-jdbc-3.8.11.1.jar;"/>
    <property name="java.vm.specification.version" value="1.8"/>
    <property name="sun.arch.data.model" value="32"/>
    <property name="java.home" value="C:\Program Files\Java\jdk1.8.0_102\jre"/>
    <property name="sun.java.command" value="C:\Users\indianic\AppData\Local\Temp\surefirebooter8071438606815829179.jar C:\Users\indianic\AppData\Local\Temp\surefire923940760676569323tmp C:\Users\indianic\AppData\Local\Temp\surefire674639257442251555tmp"/>
    <property name="java.specification.vendor" value="Oracle Corporation"/>
    <property name="user.language" value="en"/>
    <property name="awt.toolkit" value="sun.awt.windows.WToolkit"/>
    <property name="java.vm.info" value="mixed mode, sharing"/>
    <property name="java.version" value="1.8.0_102"/>
    <property name="java.ext.dirs" value="C:\Program Files\Java\jdk1.8.0_102\jre\lib\ext;C:\Windows\Sun\Java\lib\ext"/>
    <property name="sun.boot.class.path" value="C:\Program Files\Java\jdk1.8.0_102\jre\lib\resources.jar;C:\Program Files\Java\jdk1.8.0_102\jre\lib\rt.jar;C:\Program Files\Java\jdk1.8.0_102\jre\lib\sunrsasign.jar;C:\Program Files\Java\jdk1.8.0_102\jre\lib\jsse.jar;C:\Program Files\Java\jdk1.8.0_102\jre\lib\jce.jar;C:\Program Files\Java\jdk1.8.0_102\jre\lib\charsets.jar;C:\Program Files\Java\jdk1.8.0_102\jre\lib\jfr.jar;C:\Program Files\Java\jdk1.8.0_102\jre\classes"/>
    <property name="java.vendor" value="Oracle Corporation"/>
    <property name="localRepository" value="C:\Users\indianic\.m2\repository"/>
    <property name="file.separator" value="\"/>
    <property name="java.vendor.url.bug" value="http://bugreport.sun.com/bugreport/"/>
    <property name="sun.cpu.endian" value="little"/>
    <property name="sun.io.unicode.encoding" value="UnicodeLittle"/>
    <property name="sun.desktop" value="windows"/>
    <property name="sun.cpu.isalist" value="pentium_pro+mmx pentium_pro pentium+mmx pentium i486 i386 i86"/>
  </properties>
  <testcase classname="RestApi.basics2" name="postData" time="2.764"/>
  <testcase classname="RestApi.basics4" name="postData" time="0.292"/>
  <testcase classname="RestApi.basics" name="test1" time="0.775"/>
  <testcase classname="RestApi.basics3" name="addAndDelete" time="0.53"/>
  <testcase classname="RestApi.basics6" name="jiraApi" time="0.487"/>
  <testcase classname="RestApi.basics5" name="test1" time="0.739"/>
  <testcase classname="RestApi.basics8" name="jiraApi1" time="0.647"/>
  <testcase classname="RestApi.basics7" name="jiraApi1" time="0.316"/>
  <testcase classname="RestApi.basics9" name="createTweet" time="0.847"/>
  <testcase classname="RestApi.basics9" name="deleteTweet" time="42.662"/>
  <testcase classname="RestApi.basics9" name="getLatestTweet" time="0.659"/>
</testsuite>