<?xml version="1.0" encoding="UTF-8"?>
<!-- Generated by org.testng.reporters.JUnitReportReporter -->
<testsuite hostname="ind496" name="RestApi.basics9" tests="3" failures="0" timestamp="30 Jan 2018 07:59:47 GMT" time="2.422" errors="0">
  <testcase name="deleteTweet" time="0.661" classname="RestApi.basics9"/>
  <testcase name="createTweet" time="0.913" classname="RestApi.basics9"/>
  <testcase name="getLatestTweet" time="0.848" classname="RestApi.basics9"/>
</testsuite> <!-- RestApi.basics9 -->
