<?xml version="1.0" encoding="UTF-8"?>
<!-- Generated by org.testng.reporters.JUnitReportReporter -->
<testsuite hostname="ind496" name="RestApi.basics6" tests="1" failures="0" timestamp="30 Jan 2018 07:59:47 GMT" time="0.479" errors="0">
  <testcase name="jiraApi" time="0.479" classname="RestApi.basics6"/>
</testsuite> <!-- RestApi.basics6 -->
