<?xml version="1.0" encoding="UTF-8"?>
<!-- Generated by org.testng.reporters.JUnitReportReporter -->
<testsuite hostname="ind496" name="RestApi.basics7" tests="1" failures="0" timestamp="30 Jan 2018 07:59:47 GMT" time="0.296" errors="0">
  <testcase name="jiraApi1" time="0.296" classname="RestApi.basics7"/>
</testsuite> <!-- RestApi.basics7 -->
