<?xml version="1.0" encoding="UTF-8"?>
<!-- Generated by org.testng.reporters.JUnitReportReporter -->
<testsuite hostname="ind496" name="RestApi.basics2" tests="1" failures="0" timestamp="30 Jan 2018 09:02:01 GMT" time="2.764" errors="0">
  <testcase name="postData" time="2.764" classname="RestApi.basics2"/>
</testsuite> <!-- RestApi.basics2 -->
