<?xml version="1.0" encoding="UTF-8"?>
<!-- Generated by org.testng.reporters.JUnitReportReporter -->
<testsuite hostname="ind496" name="RestApi.basics4" tests="1" failures="0" timestamp="30 Jan 2018 09:02:01 GMT" time="0.292" errors="0">
  <testcase name="postData" time="0.292" classname="RestApi.basics4"/>
</testsuite> <!-- RestApi.basics4 -->
