<?xml version="1.0" encoding="UTF-8"?>
<!-- Generated by org.testng.reporters.JUnitReportReporter -->
<testsuite hostname="ind496" name="RestApi.basics8" tests="1" failures="0" timestamp="30 Jan 2018 09:02:01 GMT" time="0.647" errors="0">
  <testcase name="jiraApi1" time="0.647" classname="RestApi.basics8"/>
</testsuite> <!-- RestApi.basics8 -->
