<?xml version="1.0" encoding="UTF-8"?>
<!-- Generated by org.testng.reporters.JUnitReportReporter -->
<testsuite hostname="ind496" name="RestApi.basics9" tests="3" failures="0" timestamp="30 Jan 2018 09:02:01 GMT" time="44.168" errors="0">
  <testcase name="getLatestTweet" time="0.659" classname="RestApi.basics9"/>
  <testcase name="deleteTweet" time="42.662" classname="RestApi.basics9"/>
  <testcase name="createTweet" time="0.847" classname="RestApi.basics9"/>
</testsuite> <!-- RestApi.basics9 -->
